<?xml version="1.0" encoding="UTF-8"?>
<!-- Generated by org.testng.reporters.JUnitXMLReporter -->
<testsuite hostname="ip-172-31-92-111" ignored="8" name="Test" tests="6" failures="0" timestamp="14 Dec 2021 05:29:20 GMT" time="9.602" errors="0">
  <testcase name="DoSignUp" time="0.81" classname="test.SignupTest"/>
  <testcase name="NegativeLogin" time="0.337" classname="test.LoginTest"/>
  <testcase name="PositiveLogin" time="0.342" classname="test.LoginTest"/>
  <testcase name="Logout" time="0.473" classname="test.LogoutTest"/>
  <testcase name="DoAddToCart" time="0.637" classname="test.AddToCartTest"/>
  <testcase name="DoCheckoutAndOrder" time="0.971" classname="test.CheckoutAndOrderTest"/>
  <testcase name="@BeforeTest ReportSetup" time="0.0" classname="test.BaseClass">
    <ignored/>
  </testcase> <!-- @BeforeTest ReportSetup -->
  <testcase name="@BeforeTest ReportSetup" time="0.0" classname="test.BaseClass">
    <ignored/>
  </testcase> <!-- @BeforeTest ReportSetup -->
  <testcase name="@BeforeTest ReportSetup" time="0.0" classname="test.BaseClass">
    <ignored/>
  </testcase> <!-- @BeforeTest ReportSetup -->
  <testcase name="@BeforeTest ReportSetup" time="0.0" classname="test.BaseClass">
    <ignored/>
  </testcase> <!-- @BeforeTest ReportSetup -->
  <testcase name="@AfterTest ReportTeardown" time="0.0" classname="test.BaseClass">
    <ignored/>
  </testcase> <!-- @AfterTest ReportTeardown -->
  <testcase name="@AfterTest ReportTeardown" time="0.0" classname="test.BaseClass">
    <ignored/>
  </testcase> <!-- @AfterTest ReportTeardown -->
  <testcase name="@AfterTest ReportTeardown" time="0.0" classname="test.BaseClass">
    <ignored/>
  </testcase> <!-- @AfterTest ReportTeardown -->
  <testcase name="@AfterTest ReportTeardown" time="0.0" classname="test.BaseClass">
    <ignored/>
  </testcase> <!-- @AfterTest ReportTeardown -->
</testsuite> <!-- Test -->
